<?xml version="1.0" encoding="UTF-8"?>
<!-- Generated by org.testng.reporters.JUnitReportReporter -->
<testsuite hostname="DESKTOP-LI2O16G" failures="0" tests="2" name="Testng_package.Asserts_demo" time="0.069" errors="0" timestamp="2025-08-18T10:44:43 IST" skipped="0">
  <testcase classname="Testng_package.Asserts_demo" name="url" time="0.025"/>
  <testcase classname="Testng_package.Asserts_demo" name="f" time="0.044"/>
</testsuite> <!-- Testng_package.Asserts_demo -->
