<?xml version="1.0" encoding="UTF-8"?>
<!-- Generated by org.testng.reporters.JUnitReportReporter -->
<testsuite hostname="DESKTOP-LI2O16G" failures="0" tests="1" name="Testng_package.Explicit_wait" time="10.550" errors="0" timestamp="2025-08-14T16:05:52 IST" skipped="0">
  <testcase classname="Testng_package.Explicit_wait" name="f" time="10.550"/>
</testsuite> <!-- Testng_package.Explicit_wait -->
