<?xml version="1.0" encoding="UTF-8"?>
<!-- Generated by org.testng.reporters.JUnitReportReporter -->
<testsuite hostname="DESKTOP-LI2O16G" failures="0" tests="3" name="Testng_package.ExcelTest" time="5.346" errors="0" timestamp="2025-08-19T14:29:23 IST" skipped="0">
  <testcase classname="Testng_package.ExcelTest" name="testLogin" time="0.874"/>
  <testcase classname="Testng_package.ExcelTest" name="testLogin" time="1.977"/>
  <testcase classname="Testng_package.ExcelTest" name="testLogin" time="2.495"/>
</testsuite> <!-- Testng_package.ExcelTest -->
